update-alternatives 2012-09-11 05:11:04: run with --quiet --install /usr/bin/awk awk /usr/bin/mawk 5 --slave /usr/share/man/man1/awk.1.gz awk.1.gz /usr/share/man/man1/mawk.1.gz --slave /usr/bin/nawk nawk /usr/bin/mawk --slave /usr/share/man/man1/nawk.1.gz nawk.1.gz /usr/share/man/man1/mawk.1.gz
update-alternatives 2012-09-11 05:11:04: link group awk updated to point to /usr/bin/mawk
update-alternatives 2012-09-11 05:11:09: run with --install /usr/sbin/rmt rmt /usr/sbin/rmt-tar 50 --slave /usr/share/man/man8/rmt.8.gz rmt.8.gz /usr/share/man/man8/rmt-tar.8.gz
update-alternatives 2012-09-11 05:11:09: link group rmt updated to point to /usr/sbin/rmt-tar
update-alternatives 2012-09-11 05:11:09: run with --quiet --install /usr/bin/awk awk /usr/bin/mawk 5 --slave /usr/share/man/man1/awk.1.gz awk.1.gz /usr/share/man/man1/mawk.1.gz --slave /usr/bin/nawk nawk /usr/bin/mawk --slave /usr/share/man/man1/nawk.1.gz nawk.1.gz /usr/share/man/man1/mawk.1.gz
update-alternatives 2012-09-11 05:11:12: run with --install /bin/mt mt /bin/mt-gnu 10 --slave /usr/share/man/man1/mt.1.gz mt.1.gz /usr/share/man/man1/mt-gnu.1.gz
update-alternatives 2012-09-11 05:11:12: link group mt updated to point to /bin/mt-gnu
update-alternatives 2012-09-11 05:11:13: run with --install /usr/share/man/man7/builtins.7.gz builtins.7.gz /usr/share/man/man7/bash-builtins.7.gz 10
update-alternatives 2012-09-11 05:11:13: link group builtins.7.gz updated to point to /usr/share/man/man7/bash-builtins.7.gz
update-alternatives 2012-09-11 05:11:13: run with --install /usr/bin/pager pager /bin/more 50 --slave /usr/share/man/man1/pager.1.gz pager.1.gz /usr/share/man/man1/more.1.gz
update-alternatives 2012-09-11 05:11:13: link group pager updated to point to /bin/more
update-alternatives 2012-09-11 05:11:13: run with --install /usr/bin/pager pager /usr/bin/pg 10 --slave /usr/share/man/man1/pager.1.gz pager.1.gz /usr/share/man/man1/pg.1.gz
update-alternatives 2012-09-11 05:11:13: run with --install /usr/bin/w w /usr/bin/w.procps 50 --slave /usr/share/man/man1/w.1.gz w.1.gz /usr/share/man/man1/w.procps.1.gz
update-alternatives 2012-09-11 05:11:13: link group w updated to point to /usr/bin/w.procps
update-alternatives 2012-09-11 05:11:16: run with --install /usr/bin/view view /usr/bin/see 1 --slave /usr/share/man/man1/view.1.gz view.1.gz /usr/share/man/man1/see.1.gz
update-alternatives 2012-09-11 05:11:16: link group view updated to point to /usr/bin/see
update-alternatives 2012-09-11 05:11:17: run with --install /usr/bin/vim vim /usr/bin/vim.basic 30
update-alternatives 2012-09-11 05:11:17: link group vim updated to point to /usr/bin/vim.basic
update-alternatives 2012-09-11 05:11:17: run with --install /usr/bin/vimdiff vimdiff /usr/bin/vim.basic 30
update-alternatives 2012-09-11 05:11:17: link group vimdiff updated to point to /usr/bin/vim.basic
update-alternatives 2012-09-11 05:11:17: run with --install /usr/bin/rvim rvim /usr/bin/vim.basic 30
update-alternatives 2012-09-11 05:11:17: link group rvim updated to point to /usr/bin/vim.basic
update-alternatives 2012-09-11 05:11:17: run with --install /usr/bin/rview rview /usr/bin/vim.basic 30
update-alternatives 2012-09-11 05:11:17: link group rview updated to point to /usr/bin/vim.basic
update-alternatives 2012-09-11 05:11:17: run with --install /usr/bin/vi vi /usr/bin/vim.basic 30 --slave /usr/share/man/fr/man1/vi.1.gz vi.fr.1.gz /usr/share/man/fr/man1/vim.1.gz --slave /usr/share/man/it/man1/vi.1.gz vi.it.1.gz /usr/share/man/it/man1/vim.1.gz --slave /usr/share/man/pl/man1/vi.1.gz vi.pl.1.gz /usr/share/man/pl/man1/vim.1.gz --slave /usr/share/man/ru/man1/vi.1.gz vi.ru.1.gz /usr/share/man/ru/man1/vim.1.gz --slave /usr/share/man/man1/vi.1.gz vi.1.gz /usr/share/man/man1/vim.1.gz
update-alternatives 2012-09-11 05:11:17: link group vi updated to point to /usr/bin/vim.basic
update-alternatives 2012-09-11 05:11:17: run with --install /usr/bin/view view /usr/bin/vim.basic 30 --slave /usr/share/man/fr/man1/view.1.gz view.fr.1.gz /usr/share/man/fr/man1/vim.1.gz --slave /usr/share/man/it/man1/view.1.gz view.it.1.gz /usr/share/man/it/man1/vim.1.gz --slave /usr/share/man/pl/man1/view.1.gz view.pl.1.gz /usr/share/man/pl/man1/vim.1.gz --slave /usr/share/man/ru/man1/view.1.gz view.ru.1.gz /usr/share/man/ru/man1/vim.1.gz --slave /usr/share/man/man1/view.1.gz view.1.gz /usr/share/man/man1/vim.1.gz
update-alternatives 2012-09-11 05:11:17: link group view updated to point to /usr/bin/vim.basic
update-alternatives 2012-09-11 05:11:17: run with --install /usr/bin/ex ex /usr/bin/vim.basic 30 --slave /usr/share/man/fr/man1/ex.1.gz ex.fr.1.gz /usr/share/man/fr/man1/vim.1.gz --slave /usr/share/man/it/man1/ex.1.gz ex.it.1.gz /usr/share/man/it/man1/vim.1.gz --slave /usr/share/man/pl/man1/ex.1.gz ex.pl.1.gz /usr/share/man/pl/man1/vim.1.gz --slave /usr/share/man/ru/man1/ex.1.gz ex.ru.1.gz /usr/share/man/ru/man1/vim.1.gz --slave /usr/share/man/man1/ex.1.gz ex.1.gz /usr/share/man/man1/vim.1.gz
update-alternatives 2012-09-11 05:11:17: link group ex updated to point to /usr/bin/vim.basic
update-alternatives 2012-09-11 05:11:17: run with --install /usr/bin/editor editor /usr/bin/vim.basic 30 --slave /usr/share/man/fr/man1/editor.1.gz editor.fr.1.gz /usr/share/man/fr/man1/vim.1.gz --slave /usr/share/man/it/man1/editor.1.gz editor.it.1.gz /usr/share/man/it/man1/vim.1.gz --slave /usr/share/man/pl/man1/editor.1.gz editor.pl.1.gz /usr/share/man/pl/man1/vim.1.gz --slave /usr/share/man/ru/man1/editor.1.gz editor.ru.1.gz /usr/share/man/ru/man1/vim.1.gz --slave /usr/share/man/man1/editor.1.gz editor.1.gz /usr/share/man/man1/vim.1.gz
update-alternatives 2012-09-11 05:11:17: link group editor updated to point to /usr/bin/vim.basic
update-alternatives 2012-09-11 05:17:26: run with --install /usr/bin/locate locate /usr/bin/mlocate 80 --slave /usr/share/man/man1/locate.1.gz locate.1.gz /usr/share/man/man1/mlocate.1.gz --slave /usr/bin/updatedb updatedb /usr/bin/updatedb.mlocate
update-alternatives 2012-09-11 05:17:26: link group locate updated to point to /usr/bin/mlocate
update-alternatives 2012-09-11 05:18:35: run with --install /usr/bin/traceroute traceroute /usr/bin/traceroute.db 100 --slave /usr/sbin/traceroute traceroute.sbin /usr/bin/traceroute.db --slave /usr/share/man/man1/traceroute.1.gz traceroute.1.gz /usr/share/man/man1/traceroute.db.1.gz
update-alternatives 2012-09-11 05:18:35: link group traceroute updated to point to /usr/bin/traceroute.db
update-alternatives 2012-09-11 05:18:35: run with --install /usr/bin/traceroute6 traceroute6 /usr/bin/traceroute6.db 100 --slave /usr/share/man/man1/traceroute6.1.gz traceroute6.1.gz /usr/share/man/man1/traceroute6.db.1.gz
update-alternatives 2012-09-11 05:18:35: link group traceroute6 updated to point to /usr/bin/traceroute6.db
update-alternatives 2012-09-11 05:18:35: run with --install /usr/bin/lft lft /usr/bin/lft.db 100 --slave /usr/share/man/man1/lft.1.gz lft.1.gz /usr/share/man/man1/lft.db.1.gz
update-alternatives 2012-09-11 05:18:35: link group lft updated to point to /usr/bin/lft.db
update-alternatives 2012-09-11 05:18:35: run with --install /usr/bin/traceproto traceproto /usr/bin/traceproto.db 100 --slave /usr/share/man/man1/traceproto.1.gz traceproto.1.gz /usr/share/man/man1/traceproto.db.1.gz
update-alternatives 2012-09-11 05:18:35: link group traceproto updated to point to /usr/bin/traceproto.db
update-alternatives 2012-09-11 05:18:35: run with --install /usr/sbin/tcptraceroute tcptraceroute /usr/sbin/tcptraceroute.db 100 --slave /usr/share/man/man8/tcptraceroute.8.gz tcptraceroute.8.gz /usr/share/man/man8/tcptraceroute.db.8.gz
update-alternatives 2012-09-11 05:18:35: link group tcptraceroute updated to point to /usr/sbin/tcptraceroute.db
update-alternatives 2012-09-11 05:18:50: run with --quiet --install /usr/bin/rsh rsh /usr/bin/ssh 20 --slave /usr/share/man/man1/rsh.1.gz rsh.1.gz /usr/share/man/man1/ssh.1.gz
update-alternatives 2012-09-11 05:18:50: link group rsh updated to point to /usr/bin/ssh
update-alternatives 2012-09-11 05:18:50: run with --quiet --install /usr/bin/rlogin rlogin /usr/bin/slogin 20 --slave /usr/share/man/man1/rlogin.1.gz rlogin.1.gz /usr/share/man/man1/slogin.1.gz
update-alternatives 2012-09-11 05:18:50: link group rlogin updated to point to /usr/bin/slogin
update-alternatives 2012-09-11 05:18:50: run with --quiet --install /usr/bin/rcp rcp /usr/bin/scp 20 --slave /usr/share/man/man1/rcp.1.gz rcp.1.gz /usr/share/man/man1/scp.1.gz
update-alternatives 2012-09-11 05:18:50: link group rcp updated to point to /usr/bin/scp
update-alternatives 2012-09-11 05:20:51: run with --quiet --install /lib/cpp cpp /usr/bin/cpp 10
update-alternatives 2012-09-11 05:20:51: link group cpp updated to point to /usr/bin/cpp
update-alternatives 2012-09-11 05:20:51: run with --quiet --install /usr/bin/cc cc /usr/bin/gcc 20 --slave /usr/share/man/man1/cc.1.gz cc.1.gz /usr/share/man/man1/gcc.1.gz
update-alternatives 2012-09-11 05:20:51: link group cc updated to point to /usr/bin/gcc
update-alternatives 2012-09-11 05:20:51: run with --quiet --install /usr/bin/c89 c89 /usr/bin/c89-gcc 20 --slave /usr/share/man/man1/c89.1.gz c89.1.gz /usr/share/man/man1/c89-gcc.1.gz
update-alternatives 2012-09-11 05:20:51: link group c89 updated to point to /usr/bin/c89-gcc
update-alternatives 2012-09-11 05:20:51: run with --quiet --install /usr/bin/c99 c99 /usr/bin/c99-gcc 20 --slave /usr/share/man/man1/c99.1.gz c99.1.gz /usr/share/man/man1/c99-gcc.1.gz
update-alternatives 2012-09-11 05:20:51: link group c99 updated to point to /usr/bin/c99-gcc
update-alternatives 2012-09-11 05:22:00: run with --quiet --install /usr/bin/pager pager /bin/less 77 --slave /usr/share/man/man1/pager.1.gz pager.1.gz /usr/share/man/man1/less.1.gz
update-alternatives 2012-09-11 05:22:00: link group pager updated to point to /bin/less
update-alternatives 2012-09-11 05:22:00: run with --quiet --install /usr/bin/pager pager /bin/less 77 --slave /usr/share/man/man1/pager.1.gz pager.1.gz /usr/share/man/man1/less.1.gz
update-alternatives 2012-09-11 05:22:00: run with --install /usr/bin/rename rename /usr/bin/prename 60 --slave /usr/share/man/man1/rename.1.gz rename.1.gz /usr/share/man/man1/prename.1.gz
update-alternatives 2012-09-11 05:22:00: link group rename updated to point to /usr/bin/prename
