
Start-Date: 2012-09-11  05:16:00
Commandline: apt-get install ping
Install: iputils-ping:amd64 (20101006-1)
End-Date: 2012-09-11  05:16:00

Start-Date: 2012-09-11  05:16:26
Commandline: apt-get install rsync
Install: libpopt0:amd64 (1.16-1, automatic), rsync:amd64 (3.0.8-1ubuntu1)
End-Date: 2012-09-11  05:16:26

Start-Date: 2012-09-11  05:17:26
Commandline: apt-get install mlocate
Install: mlocate:amd64 (0.23.1-1ubuntu2)
End-Date: 2012-09-11  05:17:26

Start-Date: 2012-09-11  05:17:45
Commandline: apt-get install nmap
Install: nmap:amd64 (5.21-1.1), libpcap0.8:amd64 (1.1.1-8, automatic), liblua5.1-0:amd64 (5.1.4-10, automatic)
End-Date: 2012-09-11  05:17:45

Start-Date: 2012-09-11  05:17:48
Commandline: apt-get install tcpdump
Install: tcpdump:amd64 (4.1.1-2ubuntu2)
End-Date: 2012-09-11  05:17:48

Start-Date: 2012-09-11  05:18:28
Commandline: apt-get install ngrep
Install: ngrep:amd64 (1.45.ds2-9), libnet1:amd64 (1.1.4-2, automatic)
End-Date: 2012-09-11  05:18:28

Start-Date: 2012-09-11  05:18:35
Commandline: apt-get install traceroute
Install: traceroute:amd64 (2.0.15-1)
End-Date: 2012-09-11  05:18:35

Start-Date: 2012-09-11  05:18:49
Commandline: apt-get install openssh-client
Install: libedit2:amd64 (2.11-20080614-2.2, automatic), libkrb5-3:amd64 (1.9.1+dfsg-1ubuntu1, automatic), libk5crypto3:amd64 (1.9.1+dfsg-1ubuntu1, automatic), libx11-data:amd64 (1.4.4-2ubuntu1, automatic), xauth:amd64 (1.0.6-1, automatic), libbsd0:amd64 (0.3.0-1, automatic), libxmuu1:amd64 (1.1.0-2, automatic), libxcb1:amd64 (1.7-3, automatic), libxau6:amd64 (1.0.6-3, automatic), libkrb5support0:amd64 (1.9.1+dfsg-1ubuntu1, automatic), openssh-client:amd64 (5.8p1-7ubuntu1), libxdmcp6:amd64 (1.1.0-3, automatic), libkeyutils1:amd64 (1.4-6, automatic), libx11-6:amd64 (1.4.4-2ubuntu1, automatic), libgssapi-krb5-2:amd64 (1.9.1+dfsg-1ubuntu1, automatic), libxext6:amd64 (1.3.0-3, automatic)
End-Date: 2012-09-11  05:18:50

Start-Date: 2012-09-11  05:19:06
Commandline: apt-get install bash-completion
Install: bash-completion:amd64 (1.3-1ubuntu6)
End-Date: 2012-09-11  05:19:06

Start-Date: 2012-09-11  05:20:49
Commandline: apt-get install python-dev
Install: libgmp10:amd64 (5.0.1+dfsg-7ubuntu2, automatic), libmpfr4:amd64 (3.0.1-5, automatic), libexpat1-dev:amd64 (2.0.1-7ubuntu3, automatic), libgomp1:amd64 (4.6.1-9ubuntu3, automatic), python-dev:amd64 (2.7.2-7ubuntu2), gcc-4.6:amd64 (4.6.1-9ubuntu3, automatic), libquadmath0:amd64 (4.6.1-9ubuntu3, automatic), cpp:amd64 (4.6.1-2ubuntu5, automatic), gcc:amd64 (4.6.1-2ubuntu5, automatic), libssl-dev:amd64 (1.0.0e-2ubuntu4, automatic), libssl-doc:amd64 (1.0.0e-2ubuntu4, automatic), manpages:amd64 (3.27-1ubuntu2, automatic), zlib1g-dev:amd64 (1.2.3.4.dfsg-3ubuntu3, automatic), libc6-dev:amd64 (2.13-20ubuntu5, automatic), cpp-4.6:amd64 (4.6.1-9ubuntu3, automatic), linux-libc-dev:amd64 (3.0.0-12.20, automatic), manpages-dev:amd64 (3.27-1ubuntu2, automatic), libc-dev-bin:amd64 (2.13-20ubuntu5, automatic), python2.7-dev:amd64 (2.7.2-5ubuntu1, automatic), binutils:amd64 (2.21.53.20110810-0ubuntu3, automatic), libmpc2:amd64 (0.9-3, automatic)
End-Date: 2012-09-11  05:20:51

Start-Date: 2012-09-11  05:21:08
Commandline: apt-get install swig
Install: swig:amd64 (2.0.4+really1.3.40-3ubuntu4)
End-Date: 2012-09-11  05:21:08

Start-Date: 2012-09-11  05:21:55
Commandline: apt-get install git
Install: libldap-2.4-2:amd64 (2.4.25-1.1ubuntu4, automatic), libpod-plainer-perl:amd64 (1.03-1, automatic), libidn11:amd64 (1.22-2, automatic), perl:amd64 (5.12.4-4, automatic), git-man:amd64 (1.7.5.4-1, automatic), libgnutls26:amd64 (2.10.5-1ubuntu3, automatic), perl-modules:amd64 (5.12.4-4, automatic), libtasn1-3:amd64 (2.9-4, automatic), libclass-isa-perl:amd64 (0.36-1, automatic), libgdbm3:amd64 (1.8.3-10, automatic), netbase:amd64 (4.45ubuntu3, automatic), git:amd64 (1.7.5.4-1), libgcrypt11:amd64 (1.5.0-1, automatic), liberror-perl:amd64 (0.17-1, automatic), libswitch-perl:amd64 (2.16-1, automatic), libsasl2-2:amd64 (2.1.24~rc1.dfsg1+cvs2011-05-23-4ubuntu2, automatic), openssl:amd64 (1.0.0e-2ubuntu4, automatic), libcurl3-gnutls:amd64 (7.21.6-3ubuntu3, automatic), patch:amd64 (2.6.1-2, automatic), librtmp0:amd64 (2.3-2ubuntu1, automatic), libsasl2-modules:amd64 (2.1.24~rc1.dfsg1+cvs2011-05-23-4ubuntu2, automatic), ca-certificates:amd64 (20110502+nmu1ubuntu5, automatic), less:amd64 (444-1ubuntu1, automatic), libgpg-error0:amd64 (1.10-0.3ubuntu1, automatic)
End-Date: 2012-09-11  05:22:00

Start-Date: 2012-09-11  05:23:04
Commandline: apt-get install bc
Install: bc:amd64 (1.06.95-2)
End-Date: 2012-09-11  05:23:04

Start-Date: 2012-09-11  05:23:15
Commandline: apt-get install bzip2
Install: bzip2:amd64 (1.0.5-6ubuntu1)
End-Date: 2012-09-11  05:23:15

Start-Date: 2012-09-11  05:23:26
Commandline: apt-get install iputils-arping
Install: iputils-arping:amd64 (20101006-1), libsysfs2:amd64 (2.1.0+repack-1, automatic)
End-Date: 2012-09-11  05:23:26
